Using pre-set license
Built from '2020.3/staging' branch; Version is '2020.3.16f1 (049d6eca3c44) revision 302446'; Using compiler version '192528614'; Build Type 'Release'
OS: 'Windows 10 Pro; OS build 19042.1237; Version 2009; 64bit' Language: 'en' Physical Memory: 16204 MB
BatchMode: 1, IsHumanControllingUs: 0, StartBugReporterOnCrash: 0, Is64bit: 1, IsPro: 0

 COMMAND LINE ARGUMENTS:
C:\Program Files\Unity\Hub\Editor\2020.3.16f1\Editor\Unity.exe
-adb2
-batchMode
-noUpm
-name
AssetImportWorker0
-projectPath
C:/Users/kevin/Documents/GitHub/Soul-Game/Soul-Game
-logFile
Logs/AssetImportWorker0.log
-srvPort
60946
Successfully changed project path to: C:/Users/kevin/Documents/GitHub/Soul-Game/Soul-Game
C:/Users/kevin/Documents/GitHub/Soul-Game/Soul-Game
Using Asset Import Pipeline V2.
Refreshing native plugins compatible for Editor in 32.92 ms, found 4 plugins.
Preloading 0 native plugins for Editor in 0.00 ms.
Initialize engine version: 2020.3.16f1 (049d6eca3c44)
[Subsystems] Discovering subsystems at path C:/Program Files/Unity/Hub/Editor/2020.3.16f1/Editor/Data/Resources/UnitySubsystems
[Subsystems] Discovering subsystems at path C:/Users/kevin/Documents/GitHub/Soul-Game/Soul-Game/Assets
GfxDevice: creating device client; threaded=0
Direct3D:
    Version:  Direct3D 11.0 [level 11.1]
    Renderer: NVIDIA GeForce RTX 2080 Super (ID=0x1e93)
    Vendor:   
    VRAM:     8010 MB
    Driver:   26.21.14.4223
Shader 'Toon/Lit Outline': fallback shader 'Toon/Lit' not found
WARNING: Shader Unsupported: 'Toon/Lit Outline' - All subshaders removed
WARNING: Shader Did you use #pragma only_renderers and omit this platform?
WARNING: Shader If subshaders removal was intentional, you may have forgotten turning Fallback off?
WARNING: Shader Unsupported: 'Toon/Lit Outline' - All subshaders removed
WARNING: Shader Did you use #pragma only_renderers and omit this platform?
WARNING: Shader If subshaders removal was intentional, you may have forgotten turning Fallback off?
Initialize mono
Mono path[0] = 'C:/Program Files/Unity/Hub/Editor/2020.3.16f1/Editor/Data/Managed'
Mono path[1] = 'C:/Program Files/Unity/Hub/Editor/2020.3.16f1/Editor/Data/MonoBleedingEdge/lib/mono/unityjit'
Mono config path = 'C:/Program Files/Unity/Hub/Editor/2020.3.16f1/Editor/Data/MonoBleedingEdge/etc'
Using monoOptions --debugger-agent=transport=dt_socket,embedding=1,server=y,suspend=n,address=127.0.0.1:56208
Begin MonoManager ReloadAssembly
Registering precompiled unity dll's ...
Register platform support module: C:/Program Files/Unity/Hub/Editor/2020.3.16f1/Editor/Data/PlaybackEngines/WindowsStandaloneSupport/UnityEditor.WindowsStandalone.Extensions.dll
Registered in 0.001857 seconds.
Native extension for WindowsStandalone target not found
Refreshing native plugins compatible for Editor in 29.57 ms, found 4 plugins.
Preloading 0 native plugins for Editor in 0.00 ms.
Mono: successfully reloaded assembly
- Completed reload, in  1.099 seconds
Domain Reload Profiling:
	ReloadAssembly (1099ms)
		BeginReloadAssembly (45ms)
			ExecutionOrderSort (0ms)
			DisableScriptedObjects (0ms)
			BackupInstance (0ms)
			ReleaseScriptingObjects (0ms)
			CreateAndSetChildDomain (1ms)
		EndReloadAssembly (367ms)
			LoadAssemblies (43ms)
			RebuildTransferFunctionScriptingTraits (0ms)
			SetupTypeCache (134ms)
			ReleaseScriptCaches (0ms)
			RebuildScriptCaches (30ms)
			SetupLoadedEditorAssemblies (141ms)
				LogAssemblyErrors (0ms)
				InitializePlatformSupportModulesInManaged (4ms)
				SetLoadedEditorAssemblies (0ms)
				RefreshPlugins (30ms)
				BeforeProcessingInitializeOnLoad (13ms)
				ProcessInitializeOnLoadAttributes (70ms)
				ProcessInitializeOnLoadMethodAttributes (24ms)
				AfterProcessingInitializeOnLoad (0ms)
				EditorAssembliesLoaded (0ms)
			ExecutionOrderSort2 (0ms)
			AwakeInstancesAfterBackupRestoration (0ms)
Platform modules already initialized, skipping
Registering precompiled user dll's ...
Registered in 0.007040 seconds.
Begin MonoManager ReloadAssembly
Native extension for WindowsStandalone target not found
Refreshing native plugins compatible for Editor in 0.71 ms, found 4 plugins.
Preloading 0 native plugins for Editor in 0.00 ms.
Mono: successfully reloaded assembly
- Completed reload, in  1.062 seconds
Domain Reload Profiling:
	ReloadAssembly (1062ms)
		BeginReloadAssembly (123ms)
			ExecutionOrderSort (0ms)
			DisableScriptedObjects (4ms)
			BackupInstance (0ms)
			ReleaseScriptingObjects (0ms)
			CreateAndSetChildDomain (16ms)
		EndReloadAssembly (885ms)
			LoadAssemblies (71ms)
			RebuildTransferFunctionScriptingTraits (0ms)
			SetupTypeCache (234ms)
			ReleaseScriptCaches (0ms)
			RebuildScriptCaches (115ms)
			SetupLoadedEditorAssemblies (367ms)
				LogAssemblyErrors (0ms)
				InitializePlatformSupportModulesInManaged (7ms)
				SetLoadedEditorAssemblies (1ms)
				RefreshPlugins (1ms)
				BeforeProcessingInitializeOnLoad (73ms)
				ProcessInitializeOnLoadAttributes (276ms)
				ProcessInitializeOnLoadMethodAttributes (4ms)
				AfterProcessingInitializeOnLoad (5ms)
				EditorAssembliesLoaded (0ms)
			ExecutionOrderSort2 (0ms)
			AwakeInstancesAfterBackupRestoration (5ms)
Platform modules already initialized, skipping
========================================================================
Worker process is ready to serve import requests
Shader 'Toon/Lit Outline': fallback shader 'Toon/Lit' not found
WARNING: Shader Unsupported: 'Toon/Lit Outline' - All subshaders removed
WARNING: Shader Did you use #pragma only_renderers and omit this platform?
WARNING: Shader If subshaders removal was intentional, you may have forgotten turning Fallback off?
WARNING: Shader Unsupported: 'Toon/Lit Outline' - All subshaders removed
WARNING: Shader Did you use #pragma only_renderers and omit this platform?
WARNING: Shader If subshaders removal was intentional, you may have forgotten turning Fallback off?
Launched and connected shader compiler UnityShaderCompiler.exe after 0.06 seconds
Refreshing native plugins compatible for Editor in 0.46 ms, found 4 plugins.
Preloading 0 native plugins for Editor in 0.00 ms.
Unloading 1448 Unused Serialized files (Serialized files now loaded: 0)
System memory in use before: 81.5 MB.
System memory in use after: 81.6 MB.

Unloading 35 unused Assets to reduce memory usage. Loaded Objects now: 1929.
Total: 2.599500 ms (FindLiveObjects: 0.145300 ms CreateObjectMapping: 0.050200 ms MarkObjects: 2.337900 ms  DeleteObjects: 0.064900 ms)

AssetImportParameters requested are different than current active one (requested -> active):
  custom:framework-win-MediaFoundation: 216162199b28c13a410421893ffa2e32 -> 
  custom:video-decoder-ogg-theora: a1e56fd34408186e4bbccfd4996cb3dc -> 
  custom:container-muxer-webm: aa71ff27fc2769a1b78a27578f13a17b -> 
  custom:container-demuxer-webm: 4f35f7cbe854078d1ac9338744f61a02 -> 
  custom:container-demuxer-ogg: 62fdf1f143b41e24485cea50d1cbac27 -> 
  custom:video-encoder-webm-vp8: eb34c28f22e8b96e1ab97ce403110664 -> 
  custom:video-decoder-webm-vp8: 9c59270c3fd7afecdb556c50c9e8de78 -> 
  custom:audio-decoder-ogg-vorbis: bf7c407c2cedff20999df2af8eb42d56 -> 
  custom:audio-encoder-webm-vorbis: bf7c407c2cedff20999df2af8eb42d56 -> 
========================================================================
Received Import Request.
  path: Assets/Fox/Materials/M_Fox.mat
  artifactKey: Guid(4ad23863efbf001479d8ebd01ef00654) Importer(815301076,1909f56bfc062723c751e8b465ee728b)
Start importing Assets/Fox/Materials/M_Fox.mat using Guid(4ad23863efbf001479d8ebd01ef00654) Importer(815301076,1909f56bfc062723c751e8b465ee728b)  -> (artifact id: '030b78e6b9eb3cce76f4080c8cd8a670') in 0.114771 seconds 
  Import took 0.117216 seconds .

========================================================================
Received Import Request.
  Time since last request: 39.638007 seconds.
  path: Assets/Fox/Materials
  artifactKey: Guid(f6721ed8e51962840b55be3854982711) Importer(815301076,1909f56bfc062723c751e8b465ee728b)
Start importing Assets/Fox/Materials using Guid(f6721ed8e51962840b55be3854982711) Importer(815301076,1909f56bfc062723c751e8b465ee728b)  -> (artifact id: '28f25def60e7839da5ad7e639f5073a2') in 0.005710 seconds 
  Import took 0.007878 seconds .

========================================================================
Received Import Request.
  Time since last request: 201.073173 seconds.
  path: Assets/New Terrain.asset
  artifactKey: Guid(ec0ce001433b8a54b96822d529b4c992) Importer(815301076,1909f56bfc062723c751e8b465ee728b)
Start importing Assets/New Terrain.asset using Guid(ec0ce001433b8a54b96822d529b4c992) Importer(815301076,1909f56bfc062723c751e8b465ee728b)  -> (artifact id: '1be9de0660b9ce0ce868fcbfbedb63d9') in 0.012488 seconds 
  Import took 0.015012 seconds .

========================================================================
Received Import Request.
  Time since last request: 0.000213 seconds.
  path: Assets/SugarSkull_Normal.png
  artifactKey: Guid(46eea4f893c7ec4439829aa1f55cde76) Importer(815301076,1909f56bfc062723c751e8b465ee728b)
Start importing Assets/SugarSkull_Normal.png using Guid(46eea4f893c7ec4439829aa1f55cde76) Importer(815301076,1909f56bfc062723c751e8b465ee728b)  -> (artifact id: 'a7e75a86d5bd7d460e9ae255b2604e5f') in 0.020460 seconds 
  Import took 0.022437 seconds .

========================================================================
Received Import Request.
  Time since last request: 0.000161 seconds.
  path: Assets/SugarSkull_AlbedoTransparency.png
  artifactKey: Guid(d6225cf39b3a92248b2eeebd6cb8b3ed) Importer(815301076,1909f56bfc062723c751e8b465ee728b)
Start importing Assets/SugarSkull_AlbedoTransparency.png using Guid(d6225cf39b3a92248b2eeebd6cb8b3ed) Importer(815301076,1909f56bfc062723c751e8b465ee728b)  -> (artifact id: 'cc7146b8f701031973bf32c9fc0000c5') in 0.016061 seconds 
  Import took 0.018315 seconds .

========================================================================
Received Import Request.
  Time since last request: 0.000152 seconds.
  path: Assets/SugarSkull_MetallicSmoothness.png
  artifactKey: Guid(729e0369875d80e4baf8afd10f425d18) Importer(815301076,1909f56bfc062723c751e8b465ee728b)
Start importing Assets/SugarSkull_MetallicSmoothness.png using Guid(729e0369875d80e4baf8afd10f425d18) Importer(815301076,1909f56bfc062723c751e8b465ee728b)  -> (artifact id: '549cf075a846548fb826f70fd5951415') in 0.012546 seconds 
  Import took 0.015152 seconds .

========================================================================
Received Import Request.
  Time since last request: 0.000194 seconds.
  path: Assets/SugarSkull_SM.fbx
  artifactKey: Guid(cf32f9cdb7cf40b469eab615d5e95a91) Importer(815301076,1909f56bfc062723c751e8b465ee728b)
Start importing Assets/SugarSkull_SM.fbx using Guid(cf32f9cdb7cf40b469eab615d5e95a91) Importer(815301076,1909f56bfc062723c751e8b465ee728b)  -> (artifact id: 'd8b40e44f665e29a902afe5d4e80c084') in 0.044808 seconds 
  Import took 0.047393 seconds .

AssetImportWorkerClient::OnTransportError - code=2 error=End of file
